<?xml version="1.0" encoding="UTF-8"?>
<!-- Generated by org.testng.reporters.JUnitXMLReporter -->
<testsuite hostname="Boakes00" name="Test" tests="4" failures="0" timestamp="12 Sep 2017 13:14:19 GMT" time="24.859" errors="0">
  <testcase name="basepageNavigation" time="0.143" classname="Academy.validateTitle"/>
  <testcase name="basepageNavigation" time="6.945" classname="Academy.HomePage"/>
  <testcase name="basepageNavigation" time="7.032" classname="Academy.HomePage"/>
  <testcase name="basepageNavigation" time="0.149" classname="Academy.validatenavigationBar"/>
</testsuite> <!-- Test -->
