<?xml version="1.0" encoding="UTF-8"?>
<testsuite xmlns:xsi="http://www.w3.org/2001/XMLSchema-instance" xsi:noNamespaceSchemaLocation="https://maven.apache.org/surefire/maven-surefire-plugin/xsd/surefire-test-report.xsd" name="TestSuite" time="27.124" tests="4" errors="0" skipped="0" failures="1">
  <properties>
[...]
</properties>
  <testcase name="navigateAppTitle" classname="Academy.validateTitle" time="0.16">
    <failure message="expected [FEATURED COURSES123] but found [FEATURED COURSES]" type="java.lang.AssertionError">java.lang.AssertionError: expected [FEATURED COURSES123] but found [FEATURED COURSES]
	at Academy.validateTitle.navigateAppTitle(validateTitle.java:35)
</failure>
    <system-err><![CDATA[Started InternetExplorerDriver server (32-bit)
3.5.0.0
Listening on port 47484
Only local connections are allowed
Sep 13, 2017 9:09:37 AM org.openqa.selenium.remote.ProtocolHandshake createSession
INFO: Detected dialect: W3C
]]></system-err>
  </testcase>
  <testcase name="basepageNavigation" classname="Academy.HomePage" time="6.885"/>
  <testcase name="basepageNavigation" classname="Academy.HomePage" time="7.11"/>
  <testcase name="validateAppNavBar" classname="Academy.validatenavigationBar" time="0.141"/>
</testsuite>