<?xml version="1.0" encoding="UTF-8"?>
<testng-results skipped="0" failed="0" total="4" passed="4">
  <reporter-output>
  </reporter-output>
  <suite name="Suite" duration-ms="22804" started-at="2017-09-12T14:31:17Z" finished-at="2017-09-12T14:31:40Z">
    <groups>
    </groups>
    <test name="Validating Title" duration-ms="4354" started-at="2017-09-12T14:31:17Z" finished-at="2017-09-12T14:31:21Z">
      <class name="Academy.validateTitle">
        <test-method status="PASS" signature="initialize()[pri:0, instance:Academy.validateTitle@5bda8e08]" name="initialize" is-config="true" duration-ms="4113" started-at="2017-09-12T15:31:17Z" finished-at="2017-09-12T15:31:21Z">
          <reporter-output>
          </reporter-output>
        </test-method> <!-- initialize -->
        <test-method status="PASS" signature="basepageNavigation()[pri:0, instance:Academy.validateTitle@5bda8e08]" name="basepageNavigation" duration-ms="217" started-at="2017-09-12T15:31:21Z" finished-at="2017-09-12T15:31:21Z">
          <reporter-output>
          </reporter-output>
        </test-method> <!-- basepageNavigation -->
        <test-method status="PASS" signature="teardown()[pri:0, instance:Academy.validateTitle@5bda8e08]" name="teardown" is-config="true" duration-ms="14" started-at="2017-09-12T15:31:21Z" finished-at="2017-09-12T15:31:21Z">
          <reporter-output>
          </reporter-output>
        </test-method> <!-- teardown -->
      </class> <!-- Academy.validateTitle -->
    </test> <!-- Validating Title -->
    <test name="Testing HomePage" duration-ms="14555" started-at="2017-09-12T14:31:21Z" finished-at="2017-09-12T14:31:36Z">
      <class name="Academy.HomePage">
        <test-method status="PASS" signature="initialize()[pri:0, instance:Academy.HomePage@45c7e403]" name="initialize" is-config="true" duration-ms="2134" started-at="2017-09-12T15:31:21Z" finished-at="2017-09-12T15:31:23Z">
          <reporter-output>
          </reporter-output>
        </test-method> <!-- initialize -->
        <test-method status="PASS" signature="basepageNavigation(java.lang.String, java.lang.String, java.lang.String)[pri:0, instance:Academy.HomePage@45c7e403]" name="basepageNavigation" duration-ms="6285" started-at="2017-09-12T15:31:23Z" data-provider="getData" finished-at="2017-09-12T15:31:30Z">
          <params>
            <param index="0">
              <value>
                <![CDATA[nonrestricted@user.com]]>
              </value>
            </param>
            <param index="1">
              <value>
                <![CDATA[123456]]>
              </value>
            </param>
            <param index="2">
              <value>
                <![CDATA[restricted user]]>
              </value>
            </param>
          </params>
          <reporter-output>
          </reporter-output>
        </test-method> <!-- basepageNavigation -->
        <test-method status="PASS" signature="basepageNavigation(java.lang.String, java.lang.String, java.lang.String)[pri:0, instance:Academy.HomePage@45c7e403]" name="basepageNavigation" duration-ms="6121" started-at="2017-09-12T15:31:30Z" data-provider="getData" finished-at="2017-09-12T15:31:36Z">
          <params>
            <param index="0">
              <value>
                <![CDATA[Restricteduser@user.com]]>
              </value>
            </param>
            <param index="1">
              <value>
                <![CDATA[654321]]>
              </value>
            </param>
            <param index="2">
              <value>
                <![CDATA[Nonrestricred user]]>
              </value>
            </param>
          </params>
          <reporter-output>
          </reporter-output>
        </test-method> <!-- basepageNavigation -->
        <test-method status="PASS" signature="teardown()[pri:0, instance:Academy.HomePage@45c7e403]" name="teardown" is-config="true" duration-ms="14" started-at="2017-09-12T15:31:36Z" finished-at="2017-09-12T15:31:36Z">
          <reporter-output>
          </reporter-output>
        </test-method> <!-- teardown -->
      </class> <!-- Academy.HomePage -->
    </test> <!-- Testing HomePage -->
    <test name="Validating NavBar" duration-ms="3740" started-at="2017-09-12T14:31:36Z" finished-at="2017-09-12T14:31:40Z">
      <class name="Academy.validatenavigationBar">
        <test-method status="PASS" signature="initialize()[pri:0, instance:Academy.validatenavigationBar@510f3d34]" name="initialize" is-config="true" duration-ms="3481" started-at="2017-09-12T15:31:36Z" finished-at="2017-09-12T15:31:39Z">
          <reporter-output>
          </reporter-output>
        </test-method> <!-- initialize -->
        <test-method status="PASS" signature="basepageNavigation()[pri:0, instance:Academy.validatenavigationBar@510f3d34]" name="basepageNavigation" duration-ms="246" started-at="2017-09-12T15:31:39Z" finished-at="2017-09-12T15:31:40Z">
          <reporter-output>
          </reporter-output>
        </test-method> <!-- basepageNavigation -->
        <test-method status="PASS" signature="teardown()[pri:0, instance:Academy.validatenavigationBar@510f3d34]" name="teardown" is-config="true" duration-ms="13" started-at="2017-09-12T15:31:40Z" finished-at="2017-09-12T15:31:40Z">
          <reporter-output>
          </reporter-output>
        </test-method> <!-- teardown -->
      </class> <!-- Academy.validatenavigationBar -->
    </test> <!-- Validating NavBar -->
  </suite> <!-- Suite -->
</testng-results>
