-------------------------------------------------------------------------------
Test set: TestSuite
-------------------------------------------------------------------------------
Tests run: 4, Failures: 1, Errors: 0, Skipped: 0, Time elapsed: 27.124 s <<< FAILURE! - in TestSuite
navigateAppTitle(Academy.validateTitle)  Time elapsed: 0.16 s  <<< FAILURE!
java.lang.AssertionError: expected [FEATURED COURSES123] but found [FEATURED COURSES]
	at Academy.validateTitle.navigateAppTitle(validateTitle.java:35)

