-------------------------------------------------------------------------------
Test set: TestSuite
-------------------------------------------------------------------------------
Tests run: 4, Failures: 1, Errors: 0, Skipped: 0, Time elapsed: 26.527 s <<< FAILURE! - in TestSuite
basepageNavigation(Academy.validateTitle)  Time elapsed: 0.245 s  <<< FAILURE!
java.lang.AssertionError: expected [FEATURED COURSES123] but found [FEATURED COURSES]
	at Academy.validateTitle.basepageNavigation(validateTitle.java:35)

