<?xml version="1.0" encoding="UTF-8"?>
<!-- Generated by org.testng.reporters.JUnitXMLReporter -->
<testsuite hostname="Boakes00" ignored="0" name="Test" tests="4" failures="0" timestamp="12 Sep 2017 07:56:24 GMT" time="25.275" errors="0">
  <testcase name="basepageNavigation" time="0.154" classname="Academy.validateTitle"/>
  <testcase name="basepageNavigation" time="3.36" classname="Academy.HomePage"/>
  <testcase name="basepageNavigation" time="1.596" classname="Academy.HomePage"/>
  <testcase name="basepageNavigation" time="0.186" classname="Academy.validatenavigationBar"/>
</testsuite> <!-- Test -->
